<?xml version='1.0' encoding='UTF-8'?>
<testsuite hostname="SD01" name="funsets.FunSetSuite" tests="5" errors="0" failures="0" time="0.014">
                     <properties>
[...]
</properties>
                     <testcase classname="funsets.FunSetSuite" name="string take" time="0.016">
                                                 
                                               </testcase><testcase classname="funsets.FunSetSuite" name="adding ints" time="0.0">
                                                 
                                               </testcase><testcase classname="funsets.FunSetSuite" name="contains is implemented" time="0.0">
                                                 
                                               </testcase><testcase classname="funsets.FunSetSuite" name="singletonSet(1) contains 1" time="-0.001">
                                                 
                                               </testcase><testcase classname="funsets.FunSetSuite" name="union contains all elements" time="-0.001">
                                                 
                                               </testcase>
                     <system-out></system-out>
                     <system-err></system-err>
                   </testsuite>